2026-02-17 18:59:47,257 - INFO - [59467] - --- INICIO DE CICLO OPERATIVO OSINT ---
2026-02-17 18:59:47,259 - INFO - [59467] - Escaneando vector de inteligencia: USA_NORTE
2026-02-17 18:59:48,057 - INFO - [59467] - Escaneando vector de inteligencia: ESPAÑA
2026-02-17 18:59:48,738 - INFO - [59467] - Escaneando vector de inteligencia: ARGENTINA
2026-02-17 18:59:48,936 - INFO - [59467] - Escaneando vector de inteligencia: BRASIL
2026-02-17 18:59:49,674 - INFO - [59467] - Escaneando vector de inteligencia: Europa_DW
2026-02-17 18:59:49,936 - INFO - [59467] - Escaneando vector de inteligencia: Rusia_Eurasia
2026-02-17 18:59:50,910 - INFO - [59467] - Escaneando vector de inteligencia: Medio_Oriente
2026-02-17 18:59:51,165 - INFO - [59467] - Escaneando vector de inteligencia: Asia_Nikkei
2026-02-17 18:59:53,120 - INFO - [59467] - Escaneando vector de inteligencia: Africa_Sahel
2026-02-17 18:59:53,440 - INFO - [59467] - Escaneando vector de inteligencia: INDIA_CORE
2026-02-17 18:59:53,898 - INFO - [59467] - Escaneando vector de inteligencia: CHINA_CORE
2026-02-17 18:59:54,141 - INFO - [59467] - Generando archivo hotspots.json para el mapa...
2026-02-17 18:59:54,151 - INFO - [59467] - Iniciando tareas de mantenimiento de archivos...
2026-02-17 18:59:54,154 - INFO - [59467] - Archivo antiguo purgado: 260217_1200-noticias.md
2026-02-17 18:59:54,159 - INFO - [59467] - --- CICLO FINALIZADO CON ÉXITO (Duración: 6.9s) ---
2026-02-17 19:00:06,006 - INFO - [59481] - --- INICIO DE CICLO OPERATIVO OSINT ---
2026-02-17 19:00:06,009 - INFO - [59481] - Escaneando vector de inteligencia: USA_NORTE
2026-02-17 19:00:06,913 - INFO - [59481] - Escaneando vector de inteligencia: ESPAÑA
2026-02-17 19:00:07,559 - INFO - [59481] - Escaneando vector de inteligencia: ARGENTINA
2026-02-17 19:00:07,787 - INFO - [59481] - Escaneando vector de inteligencia: BRASIL
2026-02-17 19:00:08,124 - INFO - [59481] - Escaneando vector de inteligencia: Europa_DW
2026-02-17 19:00:08,356 - INFO - [59481] - Escaneando vector de inteligencia: Rusia_Eurasia
2026-02-17 19:00:09,175 - INFO - [59481] - Escaneando vector de inteligencia: Medio_Oriente
2026-02-17 19:00:09,405 - INFO - [59481] - Escaneando vector de inteligencia: Asia_Nikkei
2026-02-17 19:00:09,598 - INFO - [59481] - Escaneando vector de inteligencia: Africa_Sahel
2026-02-17 19:00:09,871 - INFO - [59481] - Escaneando vector de inteligencia: INDIA_CORE
2026-02-17 19:00:10,315 - INFO - [59481] - Escaneando vector de inteligencia: CHINA_CORE
2026-02-17 19:00:10,525 - INFO - [59481] - Generando archivo hotspots.json para el mapa...
2026-02-17 19:00:10,532 - INFO - [59481] - Iniciando tareas de mantenimiento de archivos...
2026-02-17 19:00:10,535 - INFO - [59481] - Archivo antiguo purgado: 260217_1300-noticias.md
2026-02-17 19:00:10,539 - INFO - [59481] - --- CICLO FINALIZADO CON ÉXITO (Duración: 4.53s) ---
2026-02-17 19:08:04,676 - INFO - [59633] - --- INICIO DE CICLO OPERATIVO OSINT ---
2026-02-17 19:08:04,678 - INFO - [59633] - Escaneando vector de inteligencia: USA_NORTE
2026-02-17 19:08:05,477 - INFO - [59633] - Escaneando vector de inteligencia: ESPAÑA
2026-02-17 19:08:06,041 - INFO - [59633] - Escaneando vector de inteligencia: ARGENTINA
2026-02-17 19:08:06,253 - INFO - [59633] - Escaneando vector de inteligencia: BRASIL
2026-02-17 19:08:06,915 - INFO - [59633] - Escaneando vector de inteligencia: Europa_DW
2026-02-17 19:08:07,347 - INFO - [59633] - Escaneando vector de inteligencia: Rusia_Eurasia
2026-02-17 19:08:08,295 - INFO - [59633] - Escaneando vector de inteligencia: Medio_Oriente
2026-02-17 19:08:08,535 - INFO - [59633] - Escaneando vector de inteligencia: Asia_Nikkei
2026-02-17 19:08:09,068 - INFO - [59633] - Escaneando vector de inteligencia: Africa_Sahel
2026-02-17 19:08:09,390 - INFO - [59633] - Escaneando vector de inteligencia: INDIA_CORE
2026-02-17 19:08:10,851 - INFO - [59633] - Escaneando vector de inteligencia: CHINA_CORE
2026-02-17 19:08:11,379 - INFO - [59633] - Generando archivo hotspots.json para el mapa...
2026-02-17 19:08:11,397 - INFO - [59633] - Iniciando tareas de mantenimiento de archivos...
2026-02-17 19:08:11,400 - INFO - [59633] - Archivo antiguo purgado: 260217_1400-noticias.md
2026-02-17 19:08:11,407 - INFO - [59633] - --- CICLO FINALIZADO CON ÉXITO (Duración: 6.73s) ---
2026-02-17 19:14:03,143 - INFO - [59768] - --- INICIO DE CICLO OPERATIVO OSINT ---
2026-02-17 19:14:03,145 - INFO - [59768] - Escaneando vector de inteligencia: USA_NORTE
2026-02-17 19:14:03,946 - INFO - [59768] - Escaneando vector de inteligencia: ESPAÑA
2026-02-17 19:14:04,517 - INFO - [59768] - Escaneando vector de inteligencia: ARGENTINA
2026-02-17 19:14:04,753 - INFO - [59768] - Escaneando vector de inteligencia: BRASIL
2026-02-17 19:14:05,564 - INFO - [59768] - Escaneando vector de inteligencia: Europa_DW
2026-02-17 19:14:06,003 - INFO - [59768] - Escaneando vector de inteligencia: Rusia_Eurasia
2026-02-17 19:14:07,947 - INFO - [59768] - Escaneando vector de inteligencia: Medio_Oriente
2026-02-17 19:14:08,189 - INFO - [59768] - Escaneando vector de inteligencia: Asia_Nikkei
2026-02-17 19:14:08,686 - INFO - [59768] - Escaneando vector de inteligencia: Africa_Sahel
2026-02-17 19:14:08,992 - INFO - [59768] - Escaneando vector de inteligencia: INDIA_CORE
2026-02-17 19:14:10,349 - INFO - [59768] - Escaneando vector de inteligencia: CHINA_CORE
2026-02-17 19:14:10,580 - INFO - [59768] - Generando archivo hotspots.json para el mapa...
2026-02-17 19:14:10,589 - INFO - [59768] - Iniciando tareas de mantenimiento de archivos...
2026-02-17 19:14:10,591 - INFO - [59768] - Archivo antiguo purgado: 260217_1455-noticias.md
2026-02-17 19:14:10,596 - INFO - [59768] - --- CICLO FINALIZADO CON ÉXITO (Duración: 7.45s) ---
2026-02-17 19:24:20,102 - INFO - [59954] - --- INICIO DE CICLO OPERATIVO OSINT ---
2026-02-17 19:24:20,104 - INFO - [59954] - Escaneando vector de inteligencia: USA_NORTE
2026-02-17 19:24:20,878 - INFO - [59954] - Escaneando vector de inteligencia: ESPAÑA
2026-02-17 19:24:21,440 - INFO - [59954] - Escaneando vector de inteligencia: ARGENTINA
2026-02-17 19:24:21,642 - INFO - [59954] - Escaneando vector de inteligencia: BRASIL
2026-02-17 19:24:22,280 - INFO - [59954] - Escaneando vector de inteligencia: Europa_DW
2026-02-17 19:24:22,679 - INFO - [59954] - Escaneando vector de inteligencia: Rusia_Eurasia
2026-02-17 19:24:23,623 - INFO - [59954] - Escaneando vector de inteligencia: Medio_Oriente
2026-02-17 19:24:23,887 - INFO - [59954] - Escaneando vector de inteligencia: Asia_Nikkei
2026-02-17 19:24:24,371 - INFO - [59954] - Escaneando vector de inteligencia: Africa_Sahel
2026-02-17 19:24:24,659 - INFO - [59954] - Escaneando vector de inteligencia: INDIA_CORE
2026-02-17 19:24:26,049 - INFO - [59954] - Escaneando vector de inteligencia: CHINA_CORE
2026-02-17 19:24:26,274 - INFO - [59954] - Generando archivo hotspots.json para el mapa...
2026-02-17 19:24:26,283 - INFO - [59954] - Iniciando tareas de mantenimiento de archivos...
2026-02-17 19:24:26,285 - INFO - [59954] - Archivo antiguo purgado: 260217_1500-noticias.md
2026-02-17 19:24:26,290 - INFO - [59954] - --- CICLO FINALIZADO CON ÉXITO (Duración: 6.19s) ---
2026-02-17 19:34:33,761 - INFO - [60203] - --- INICIO DE CICLO OPERATIVO OSINT ---
2026-02-17 19:34:33,763 - INFO - [60203] - Escaneando vector de inteligencia: USA_NORTE
2026-02-17 19:34:34,540 - INFO - [60203] - Escaneando vector de inteligencia: ESPAÑA
2026-02-17 19:34:35,077 - INFO - [60203] - Escaneando vector de inteligencia: ARGENTINA
2026-02-17 19:34:35,292 - INFO - [60203] - Escaneando vector de inteligencia: BRASIL
2026-02-17 19:34:36,209 - INFO - [60203] - Escaneando vector de inteligencia: Europa_DW
2026-02-17 19:34:36,613 - INFO - [60203] - Escaneando vector de inteligencia: Rusia_Eurasia
2026-02-17 19:34:38,326 - INFO - [60203] - Escaneando vector de inteligencia: Medio_Oriente
2026-02-17 19:34:38,555 - INFO - [60203] - Escaneando vector de inteligencia: Asia_Nikkei
2026-02-17 19:34:39,055 - INFO - [60203] - Escaneando vector de inteligencia: Africa_Sahel
2026-02-17 19:34:39,323 - INFO - [60203] - Escaneando vector de inteligencia: INDIA_CORE
2026-02-17 19:34:40,704 - INFO - [60203] - Escaneando vector de inteligencia: CHINA_CORE
2026-02-17 19:34:40,948 - INFO - [60203] - Generando archivo hotspots.json para el mapa...
2026-02-17 19:34:40,958 - INFO - [60203] - Iniciando tareas de mantenimiento de archivos...
2026-02-17 19:34:40,960 - INFO - [60203] - Archivo antiguo purgado: 260217_1513-noticias.md
2026-02-17 19:34:40,966 - INFO - [60203] - --- CICLO FINALIZADO CON ÉXITO (Duración: 7.2s) ---
2026-02-17 19:35:39,117 - INFO - [60256] - --- INICIO DE CICLO OPERATIVO OSINT ---
2026-02-17 19:35:39,119 - INFO - [60256] - Escaneando vector de inteligencia: USA_NORTE
2026-02-17 19:35:39,890 - INFO - [60256] - Escaneando vector de inteligencia: ESPAÑA
2026-02-17 19:35:40,408 - INFO - [60256] - Escaneando vector de inteligencia: ARGENTINA
2026-02-17 19:35:40,618 - INFO - [60256] - Escaneando vector de inteligencia: BRASIL
2026-02-17 19:35:41,242 - INFO - [60256] - Escaneando vector de inteligencia: Europa_DW
2026-02-17 19:35:41,638 - INFO - [60256] - Escaneando vector de inteligencia: Rusia_Eurasia
2026-02-17 19:35:42,487 - INFO - [60256] - Escaneando vector de inteligencia: Medio_Oriente
2026-02-17 19:35:42,730 - INFO - [60256] - Escaneando vector de inteligencia: Asia_Nikkei
2026-02-17 19:35:42,937 - INFO - [60256] - Escaneando vector de inteligencia: Africa_Sahel
2026-02-17 19:35:43,248 - INFO - [60256] - Escaneando vector de inteligencia: INDIA_CORE
2026-02-17 19:35:43,718 - INFO - [60256] - Escaneando vector de inteligencia: CHINA_CORE
2026-02-17 19:35:43,920 - INFO - [60256] - Generando archivo hotspots.json para el mapa...
2026-02-17 19:35:43,929 - INFO - [60256] - Iniciando tareas de mantenimiento de archivos...
2026-02-17 19:35:43,931 - INFO - [60256] - Archivo antiguo purgado: 260217_1521-noticias.md
2026-02-17 19:35:43,936 - INFO - [60256] - --- CICLO FINALIZADO CON ÉXITO (Duración: 4.82s) ---
2026-02-17 19:37:12,235 - INFO - [60311] - --- INICIO DE CICLO OPERATIVO OSINT ---
2026-02-17 19:37:12,237 - INFO - [60311] - Escaneando vector de inteligencia: USA_NORTE
2026-02-17 19:37:13,010 - INFO - [60311] - Escaneando vector de inteligencia: ESPAÑA
2026-02-17 19:37:13,556 - INFO - [60311] - Escaneando vector de inteligencia: ARGENTINA
2026-02-17 19:37:13,735 - INFO - [60311] - Escaneando vector de inteligencia: BRASIL
2026-02-17 19:37:14,130 - INFO - [60311] - Escaneando vector de inteligencia: Europa_DW
2026-02-17 19:37:14,484 - INFO - [60311] - Escaneando vector de inteligencia: Rusia_Eurasia
2026-02-17 19:37:15,399 - INFO - [60311] - Escaneando vector de inteligencia: Medio_Oriente
2026-02-17 19:37:15,634 - INFO - [60311] - Escaneando vector de inteligencia: Asia_Nikkei
2026-02-17 19:37:17,282 - INFO - [60311] - Escaneando vector de inteligencia: Africa_Sahel
2026-02-17 19:37:17,579 - INFO - [60311] - Escaneando vector de inteligencia: INDIA_CORE
2026-02-17 19:37:18,006 - INFO - [60311] - Escaneando vector de inteligencia: CHINA_CORE
2026-02-17 19:37:18,223 - INFO - [60311] - Generando archivo hotspots.json para el mapa...
2026-02-17 19:37:18,232 - INFO - [60311] - Iniciando tareas de mantenimiento de archivos...
2026-02-17 19:37:18,234 - INFO - [60311] - Archivo antiguo purgado: 260217_1527-noticias.md
2026-02-17 19:37:18,239 - INFO - [60311] - --- CICLO FINALIZADO CON ÉXITO (Duración: 6.0s) ---
2026-02-17 19:52:39,698 - INFO - [60549] - --- INICIO DE CICLO OPERATIVO OSINT ---
2026-02-17 19:52:39,700 - INFO - [60549] - Escaneando vector de inteligencia: USA_NORTE
2026-02-17 19:52:40,489 - INFO - [60549] - Escaneando vector de inteligencia: ESPAÑA
2026-02-17 19:52:41,065 - INFO - [60549] - Escaneando vector de inteligencia: ARGENTINA
2026-02-17 19:52:41,272 - INFO - [60549] - Escaneando vector de inteligencia: BRASIL
2026-02-17 19:52:41,993 - INFO - [60549] - Escaneando vector de inteligencia: Europa_DW
2026-02-17 19:52:42,258 - INFO - [60549] - Escaneando vector de inteligencia: Rusia_Eurasia
2026-02-17 19:52:43,159 - INFO - [60549] - Escaneando vector de inteligencia: Medio_Oriente
2026-02-17 19:52:43,439 - INFO - [60549] - Escaneando vector de inteligencia: Asia_Nikkei
2026-02-17 19:52:43,945 - INFO - [60549] - Escaneando vector de inteligencia: Africa_Sahel
2026-02-17 19:52:44,252 - INFO - [60549] - Escaneando vector de inteligencia: INDIA_CORE
2026-02-17 19:52:45,637 - INFO - [60549] - Escaneando vector de inteligencia: CHINA_CORE
2026-02-17 19:52:45,878 - INFO - [60549] - Generando archivo hotspots.json para el mapa...
2026-02-17 19:52:45,889 - INFO - [60549] - Iniciando tareas de mantenimiento de archivos...
2026-02-17 19:52:45,892 - INFO - [60549] - Archivo antiguo purgado: 260217_1528-noticias.md
2026-02-17 19:52:45,898 - INFO - [60549] - --- CICLO FINALIZADO CON ÉXITO (Duración: 6.2s) ---
2026-02-17 19:57:53,538 - INFO - [60676] - --- INICIO DE CICLO OPERATIVO OSINT ---
2026-02-17 19:57:53,540 - INFO - [60676] - Escaneando vector de inteligencia: USA_NORTE
2026-02-17 19:57:54,315 - INFO - [60676] - Escaneando vector de inteligencia: ESPAÑA
2026-02-17 19:57:54,873 - INFO - [60676] - Escaneando vector de inteligencia: ARGENTINA
2026-02-17 19:57:55,262 - INFO - [60676] - Escaneando vector de inteligencia: BRASIL
2026-02-17 19:57:55,912 - INFO - [60676] - Escaneando vector de inteligencia: Europa_DW
2026-02-17 19:57:56,256 - INFO - [60676] - Escaneando vector de inteligencia: Rusia_Eurasia
2026-02-17 19:57:57,836 - INFO - [60676] - Escaneando vector de inteligencia: Medio_Oriente
2026-02-17 19:57:58,079 - INFO - [60676] - Escaneando vector de inteligencia: Asia_Nikkei
2026-02-17 19:58:00,008 - INFO - [60676] - Escaneando vector de inteligencia: Africa_Sahel
2026-02-17 19:58:00,310 - INFO - [60676] - Escaneando vector de inteligencia: INDIA_CORE
2026-02-17 19:58:01,639 - INFO - [60676] - Escaneando vector de inteligencia: CHINA_CORE
2026-02-17 19:58:01,843 - INFO - [60676] - Generando archivo hotspots.json para el mapa...
2026-02-17 19:58:01,852 - INFO - [60676] - Iniciando tareas de mantenimiento de archivos...
2026-02-17 19:58:01,858 - INFO - [60676] - --- CICLO FINALIZADO CON ÉXITO (Duración: 8.32s) ---
2026-02-17 19:59:17,448 - INFO - [60728] - --- INICIO DE CICLO OPERATIVO OSINT ---
2026-02-17 19:59:17,450 - INFO - [60728] - Escaneando vector de inteligencia: USA_NORTE
2026-02-17 19:59:18,274 - INFO - [60728] - Escaneando vector de inteligencia: ESPAÑA
2026-02-17 19:59:18,854 - INFO - [60728] - Escaneando vector de inteligencia: ARGENTINA
2026-02-17 19:59:19,064 - INFO - [60728] - Escaneando vector de inteligencia: BRASIL
2026-02-17 19:59:19,458 - INFO - [60728] - Escaneando vector de inteligencia: Europa_DW
2026-02-17 19:59:19,833 - INFO - [60728] - Escaneando vector de inteligencia: Rusia_Eurasia
2026-02-17 19:59:20,704 - INFO - [60728] - Escaneando vector de inteligencia: Medio_Oriente
2026-02-17 19:59:20,937 - INFO - [60728] - Escaneando vector de inteligencia: Asia_Nikkei
2026-02-17 19:59:21,148 - INFO - [60728] - Escaneando vector de inteligencia: Africa_Sahel
2026-02-17 19:59:21,426 - INFO - [60728] - Escaneando vector de inteligencia: INDIA_CORE
2026-02-17 19:59:21,864 - INFO - [60728] - Escaneando vector de inteligencia: CHINA_CORE
2026-02-17 19:59:22,089 - INFO - [60728] - Generando archivo hotspots.json para el mapa...
2026-02-17 19:59:22,098 - INFO - [60728] - Iniciando tareas de mantenimiento de archivos...
2026-02-17 19:59:22,104 - INFO - [60728] - --- CICLO FINALIZADO CON ÉXITO (Duración: 4.65s) ---
2026-02-17 20:00:05,635 - INFO - [60784] - --- INICIO DE CICLO OPERATIVO OSINT ---
2026-02-17 20:00:05,637 - INFO - [60784] - Escaneando vector de inteligencia: USA_NORTE
2026-02-17 20:00:06,416 - INFO - [60784] - Escaneando vector de inteligencia: ESPAÑA
2026-02-17 20:00:06,939 - INFO - [60784] - Escaneando vector de inteligencia: ARGENTINA
2026-02-17 20:00:07,196 - INFO - [60784] - Escaneando vector de inteligencia: BRASIL
2026-02-17 20:00:07,631 - INFO - [60784] - Escaneando vector de inteligencia: Europa_DW
2026-02-17 20:00:07,885 - INFO - [60784] - Escaneando vector de inteligencia: Rusia_Eurasia
2026-02-17 20:00:08,818 - INFO - [60784] - Escaneando vector de inteligencia: Medio_Oriente
2026-02-17 20:00:09,051 - INFO - [60784] - Escaneando vector de inteligencia: Asia_Nikkei
2026-02-17 20:00:09,240 - INFO - [60784] - Escaneando vector de inteligencia: Africa_Sahel
2026-02-17 20:00:09,513 - INFO - [60784] - Escaneando vector de inteligencia: INDIA_CORE
2026-02-17 20:00:09,952 - INFO - [60784] - Escaneando vector de inteligencia: CHINA_CORE
2026-02-17 20:00:10,168 - INFO - [60784] - Generando archivo hotspots.json para el mapa...
2026-02-17 20:00:10,177 - INFO - [60784] - Iniciando tareas de mantenimiento de archivos...
2026-02-17 20:00:10,183 - INFO - [60784] - --- CICLO FINALIZADO CON ÉXITO (Duración: 4.55s) ---
2026-02-17 20:15:55,175 - INFO - [60980] - --- INICIO DE CICLO OPERATIVO OSINT ---
2026-02-17 20:15:55,177 - INFO - [60980] - Escaneando vector: USA_NORTE
2026-02-17 20:15:55,978 - INFO - [60980] - Escaneando vector: ESPAÑA
2026-02-17 20:15:56,638 - INFO - [60980] - Escaneando vector: ARGENTINA
2026-02-17 20:15:56,848 - INFO - [60980] - Escaneando vector: BRASIL
2026-02-17 20:15:57,477 - INFO - [60980] - Escaneando vector: Europa_DW
2026-02-17 20:15:57,746 - INFO - [60980] - Escaneando vector: Rusia_Eurasia
2026-02-17 20:15:58,655 - INFO - [60980] - Escaneando vector: Medio_Oriente
2026-02-17 20:15:58,889 - INFO - [60980] - Escaneando vector: Asia_Nikkei
2026-02-17 20:15:59,367 - INFO - [60980] - Escaneando vector: Africa_Sahel
2026-02-17 20:15:59,634 - INFO - [60980] - Escaneando vector: INDIA_CORE
2026-02-17 20:16:01,011 - INFO - [60980] - Escaneando vector: CHINA_CORE
2026-02-17 20:16:01,248 - INFO - [60980] - --- FIN (Duración: 6.07s) ---
2026-02-17 21:00:05,731 - INFO - [61657] - --- INICIO DE CICLO OPERATIVO OSINT ---
2026-02-17 21:00:05,739 - INFO - [61657] - Escaneando vector: USA_NORTE
2026-02-17 21:00:06,507 - INFO - [61657] - Escaneando vector: ESPAÑA
2026-02-17 21:00:07,090 - INFO - [61657] - Escaneando vector: ARGENTINA
2026-02-17 21:00:07,309 - INFO - [61657] - Escaneando vector: BRASIL
2026-02-17 21:00:07,938 - INFO - [61657] - Escaneando vector: Europa_DW
2026-02-17 21:00:08,438 - INFO - [61657] - Escaneando vector: Rusia_Eurasia
2026-02-17 21:00:09,413 - INFO - [61657] - Escaneando vector: Medio_Oriente
2026-02-17 21:00:09,656 - INFO - [61657] - Escaneando vector: Asia_Nikkei
2026-02-17 21:00:11,606 - INFO - [61657] - Escaneando vector: Africa_Sahel
2026-02-17 21:00:11,948 - INFO - [61657] - Escaneando vector: INDIA_CORE
2026-02-17 21:00:13,316 - INFO - [61657] - Escaneando vector: CHINA_CORE
2026-02-17 21:00:13,612 - INFO - [61657] - --- FIN (Duración: 7.87s) ---
2026-02-17 22:00:05,325 - INFO - [62433] - --- INICIO DE CICLO OPERATIVO OSINT ---
2026-02-17 22:00:05,329 - INFO - [62433] - Escaneando vector: USA_NORTE
2026-02-17 22:00:06,107 - INFO - [62433] - Escaneando vector: ESPAÑA
2026-02-17 22:00:06,732 - INFO - [62433] - Escaneando vector: ARGENTINA
2026-02-17 22:00:06,932 - INFO - [62433] - Escaneando vector: BRASIL
2026-02-17 22:00:07,780 - INFO - [62433] - Escaneando vector: Europa_DW
2026-02-17 22:00:08,365 - INFO - [62433] - Escaneando vector: Rusia_Eurasia
2026-02-17 22:00:09,299 - INFO - [62433] - Escaneando vector: Medio_Oriente
2026-02-17 22:00:09,527 - INFO - [62433] - Escaneando vector: Asia_Nikkei
2026-02-17 22:00:10,026 - INFO - [62433] - Escaneando vector: Africa_Sahel
2026-02-17 22:00:10,324 - INFO - [62433] - Escaneando vector: INDIA_CORE
2026-02-17 22:00:11,692 - INFO - [62433] - Escaneando vector: CHINA_CORE
2026-02-17 22:00:11,940 - INFO - [62433] - --- FIN (Duración: 6.61s) ---
2026-02-17 23:00:05,415 - INFO - [63197] - --- INICIO DE CICLO OPERATIVO OSINT ---
2026-02-17 23:00:05,419 - INFO - [63197] - Escaneando vector: USA_NORTE
2026-02-17 23:00:06,183 - INFO - [63197] - Escaneando vector: ESPAÑA
2026-02-17 23:00:06,790 - INFO - [63197] - Escaneando vector: ARGENTINA
2026-02-17 23:00:07,117 - INFO - [63197] - Escaneando vector: BRASIL
2026-02-17 23:00:07,974 - INFO - [63197] - Escaneando vector: Europa_DW
2026-02-17 23:00:08,311 - INFO - [63197] - Escaneando vector: Rusia_Eurasia
2026-02-17 23:00:09,272 - INFO - [63197] - Escaneando vector: Medio_Oriente
2026-02-17 23:00:09,581 - INFO - [63197] - Escaneando vector: Asia_Nikkei
2026-02-17 23:00:10,066 - INFO - [63197] - Escaneando vector: Africa_Sahel
2026-02-17 23:00:10,366 - INFO - [63197] - Escaneando vector: INDIA_CORE
2026-02-17 23:00:11,799 - INFO - [63197] - Escaneando vector: CHINA_CORE
2026-02-17 23:00:12,057 - INFO - [63197] - --- FIN (Duración: 6.64s) ---
2026-02-18 00:00:05,505 - INFO - [63966] - --- INICIO DE CICLO OPERATIVO OSINT ---
2026-02-18 00:00:05,507 - INFO - [63966] - Escaneando vector: USA_NORTE
2026-02-18 00:00:06,278 - INFO - [63966] - Escaneando vector: ESPAÑA
2026-02-18 00:00:06,834 - INFO - [63966] - Escaneando vector: ARGENTINA
2026-02-18 00:00:07,040 - INFO - [63966] - Escaneando vector: BRASIL
2026-02-18 00:00:08,183 - INFO - [63966] - Escaneando vector: Europa_DW
2026-02-18 00:00:08,626 - INFO - [63966] - Escaneando vector: Rusia_Eurasia
2026-02-18 00:00:09,480 - INFO - [63966] - Escaneando vector: Medio_Oriente
2026-02-18 00:00:09,708 - INFO - [63966] - Escaneando vector: Asia_Nikkei
2026-02-18 00:00:10,191 - INFO - [63966] - Escaneando vector: Africa_Sahel
2026-02-18 00:00:10,494 - INFO - [63966] - Escaneando vector: INDIA_CORE
2026-02-18 00:00:11,838 - INFO - [63966] - Escaneando vector: CHINA_CORE
2026-02-18 00:00:12,132 - INFO - [63966] - --- FIN (Duración: 6.63s) ---
2026-02-18 01:00:05,318 - INFO - [64699] - --- INICIO DE CICLO OPERATIVO OSINT ---
2026-02-18 01:00:05,322 - INFO - [64699] - Escaneando vector: USA_NORTE
2026-02-18 01:00:06,069 - INFO - [64699] - Escaneando vector: ESPAÑA
2026-02-18 01:00:06,692 - INFO - [64699] - Escaneando vector: ARGENTINA
2026-02-18 01:00:06,921 - INFO - [64699] - Escaneando vector: BRASIL
2026-02-18 01:00:07,758 - INFO - [64699] - Escaneando vector: Europa_DW
2026-02-18 01:00:08,232 - INFO - [64699] - Escaneando vector: Rusia_Eurasia
2026-02-18 01:00:09,148 - INFO - [64699] - Escaneando vector: Medio_Oriente
2026-02-18 01:00:09,423 - INFO - [64699] - Escaneando vector: Asia_Nikkei
2026-02-18 01:00:09,907 - INFO - [64699] - Escaneando vector: Africa_Sahel
2026-02-18 01:00:10,201 - INFO - [64699] - Escaneando vector: INDIA_CORE
2026-02-18 01:00:11,649 - INFO - [64699] - Escaneando vector: CHINA_CORE
2026-02-18 01:00:11,899 - INFO - [64699] - --- FIN (Duración: 6.58s) ---
2026-02-18 02:00:06,098 - INFO - [65559] - --- INICIO DE CICLO OPERATIVO OSINT ---
2026-02-18 02:00:06,100 - INFO - [65559] - Escaneando vector: USA_NORTE
2026-02-18 02:00:06,896 - INFO - [65559] - Escaneando vector: ESPAÑA
2026-02-18 02:00:07,469 - INFO - [65559] - Escaneando vector: ARGENTINA
2026-02-18 02:00:07,651 - INFO - [65559] - Escaneando vector: BRASIL
2026-02-18 02:00:08,449 - INFO - [65559] - Escaneando vector: Europa_DW
2026-02-18 02:00:08,822 - INFO - [65559] - Escaneando vector: Rusia_Eurasia
2026-02-18 02:00:09,849 - INFO - [65559] - Escaneando vector: Medio_Oriente
2026-02-18 02:00:10,096 - INFO - [65559] - Escaneando vector: Asia_Nikkei
2026-02-18 02:00:12,049 - INFO - [65559] - Escaneando vector: Africa_Sahel
2026-02-18 02:00:12,345 - INFO - [65559] - Escaneando vector: INDIA_CORE
2026-02-18 02:00:13,684 - INFO - [65559] - Escaneando vector: CHINA_CORE
2026-02-18 02:00:13,928 - INFO - [65559] - --- FIN (Duración: 7.83s) ---
2026-02-18 03:00:05,990 - INFO - [66358] - --- INICIO DE CICLO OPERATIVO OSINT ---
2026-02-18 03:00:05,992 - INFO - [66358] - Escaneando vector: USA_NORTE
2026-02-18 03:00:06,770 - INFO - [66358] - Escaneando vector: ESPAÑA
2026-02-18 03:00:07,328 - INFO - [66358] - Escaneando vector: ARGENTINA
2026-02-18 03:00:07,524 - INFO - [66358] - Escaneando vector: BRASIL
2026-02-18 03:00:08,307 - INFO - [66358] - Escaneando vector: Europa_DW
2026-02-18 03:00:08,808 - INFO - [66358] - Escaneando vector: Rusia_Eurasia
2026-02-18 03:00:09,709 - INFO - [66358] - Escaneando vector: Medio_Oriente
2026-02-18 03:00:09,964 - INFO - [66358] - Escaneando vector: Asia_Nikkei
2026-02-18 03:00:11,908 - INFO - [66358] - Escaneando vector: Africa_Sahel
2026-02-18 03:00:12,194 - INFO - [66358] - Escaneando vector: INDIA_CORE
2026-02-18 03:00:13,354 - INFO - [66358] - Escaneando vector: CHINA_CORE
2026-02-18 03:00:13,626 - INFO - [66358] - --- FIN (Duración: 7.64s) ---
2026-02-18 04:00:05,798 - INFO - [67139] - --- INICIO DE CICLO OPERATIVO OSINT ---
2026-02-18 04:00:05,800 - INFO - [67139] - Escaneando vector: USA_NORTE
2026-02-18 04:00:06,594 - INFO - [67139] - Escaneando vector: ESPAÑA
2026-02-18 04:00:07,185 - INFO - [67139] - Escaneando vector: ARGENTINA
2026-02-18 04:00:07,392 - INFO - [67139] - Escaneando vector: BRASIL
2026-02-18 04:00:08,170 - INFO - [67139] - Escaneando vector: Europa_DW
2026-02-18 04:00:08,543 - INFO - [67139] - Escaneando vector: Rusia_Eurasia
2026-02-18 04:00:09,496 - INFO - [67139] - Escaneando vector: Medio_Oriente
2026-02-18 04:00:09,770 - INFO - [67139] - Escaneando vector: Asia_Nikkei
2026-02-18 04:00:10,284 - INFO - [67139] - Escaneando vector: Africa_Sahel
2026-02-18 04:00:10,568 - INFO - [67139] - Escaneando vector: INDIA_CORE
2026-02-18 04:00:11,925 - INFO - [67139] - Escaneando vector: CHINA_CORE
2026-02-18 04:00:12,274 - INFO - [67139] - --- FIN (Duración: 6.48s) ---
2026-02-18 05:00:05,235 - INFO - [67902] - --- INICIO DE CICLO OPERATIVO OSINT ---
2026-02-18 05:00:05,237 - INFO - [67902] - Escaneando vector: USA_NORTE
2026-02-18 05:00:05,978 - INFO - [67902] - Escaneando vector: ESPAÑA
2026-02-18 05:00:06,557 - INFO - [67902] - Escaneando vector: ARGENTINA
2026-02-18 05:00:06,783 - INFO - [67902] - Escaneando vector: BRASIL
2026-02-18 05:00:07,758 - INFO - [67902] - Escaneando vector: Europa_DW
2026-02-18 05:00:08,124 - INFO - [67902] - Escaneando vector: Rusia_Eurasia
2026-02-18 05:00:09,098 - INFO - [67902] - Escaneando vector: Medio_Oriente
2026-02-18 05:00:09,401 - INFO - [67902] - Escaneando vector: Asia_Nikkei
2026-02-18 05:00:09,910 - INFO - [67902] - Escaneando vector: Africa_Sahel
2026-02-18 05:00:10,209 - INFO - [67902] - Escaneando vector: INDIA_CORE
2026-02-18 05:00:11,583 - INFO - [67902] - Escaneando vector: CHINA_CORE
2026-02-18 05:00:11,842 - INFO - [67902] - --- FIN (Duración: 6.61s) ---
2026-02-18 06:00:06,113 - INFO - [68669] - --- INICIO DE CICLO OPERATIVO OSINT ---
2026-02-18 06:00:06,115 - INFO - [68669] - Escaneando vector: USA_NORTE
2026-02-18 06:00:06,921 - INFO - [68669] - Escaneando vector: ESPAÑA
2026-02-18 06:00:07,445 - INFO - [68669] - Escaneando vector: ARGENTINA
2026-02-18 06:00:07,640 - INFO - [68669] - Escaneando vector: BRASIL
2026-02-18 06:00:08,739 - INFO - [68669] - Escaneando vector: Europa_DW
2026-02-18 06:00:09,110 - INFO - [68669] - Escaneando vector: Rusia_Eurasia
2026-02-18 06:00:10,032 - INFO - [68669] - Escaneando vector: Medio_Oriente
2026-02-18 06:00:10,270 - INFO - [68669] - Escaneando vector: Asia_Nikkei
2026-02-18 06:00:10,788 - INFO - [68669] - Escaneando vector: Africa_Sahel
2026-02-18 06:00:11,131 - INFO - [68669] - Escaneando vector: INDIA_CORE
2026-02-18 06:00:11,567 - INFO - [68669] - Escaneando vector: CHINA_CORE
2026-02-18 06:00:11,831 - INFO - [68669] - --- FIN (Duración: 5.72s) ---
2026-02-18 07:00:06,118 - INFO - [69441] - --- INICIO DE CICLO OPERATIVO OSINT ---
2026-02-18 07:00:06,123 - INFO - [69441] - Escaneando vector: USA_NORTE
2026-02-18 07:00:06,922 - INFO - [69441] - Escaneando vector: ESPAÑA
2026-02-18 07:00:07,472 - INFO - [69441] - Escaneando vector: ARGENTINA
2026-02-18 07:00:07,712 - INFO - [69441] - Escaneando vector: BRASIL
2026-02-18 07:00:08,536 - INFO - [69441] - Escaneando vector: Europa_DW
2026-02-18 07:00:08,821 - INFO - [69441] - Escaneando vector: Rusia_Eurasia
2026-02-18 07:00:09,750 - INFO - [69441] - Escaneando vector: Medio_Oriente
2026-02-18 07:00:10,010 - INFO - [69441] - Escaneando vector: Asia_Nikkei
2026-02-18 07:00:10,526 - INFO - [69441] - Escaneando vector: Africa_Sahel
2026-02-18 07:00:10,848 - INFO - [69441] - Escaneando vector: INDIA_CORE
2026-02-18 07:00:14,430 - INFO - [69441] - Escaneando vector: CHINA_CORE
2026-02-18 07:00:14,733 - INFO - [69441] - --- FIN (Duración: 8.61s) ---
