[32m[+] [odroid-c2] Iniciando ciclo de inteligencia...[0m
Traceback (most recent call last):
  File "/home/dietpi/intel_center_odroid/automation/main_intel.py", line 1, in <module>
    import os, feedparser, sqlite3, json
ModuleNotFoundError: No module named 'feedparser'
[31m[-] Error en Python. Abortando.[0m
[32m[+] [odroid-c2] Iniciando ciclo de inteligencia...[0m
Traceback (most recent call last):
  File "/home/dietpi/intel_center_odroid/automation/main_intel.py", line 1, in <module>
    import os, feedparser, sqlite3, json
ModuleNotFoundError: No module named 'feedparser'
[31m[-] Error en Python. Abortando.[0m
[+] [odroid-c2] Iniciando ciclo de inteligencia...
--- INICIANDO CAPTURA (MIX EQUILIBRADO ESPAÑA) ---
[+] DUAL RADAR OK: Balanceando España con fuentes cruzadas.
[+] Captura exitosa. Sincronizando con GitHub...
[main 653814e] Intel Update: 2026-02-07 00:00
 6 files changed, 99 insertions(+), 9 deletions(-)
 create mode 100644 blog/content/post/2026-02-07-informe.md
To https://github.com/mcasrom/intel_center.git
   9e273d4..653814e  main -> main
[+] [odroid-c2] Iniciando ciclo de inteligencia...
Traceback (most recent call last):
  File "/home/dietpi/intel_center_odroid/automation/main_intel.py", line 133, in <module>
    ejecutar()
    ~~~~~~~~^^
  File "/home/dietpi/intel_center_odroid/automation/main_intel.py", line 57, in ejecutar
    cur.execute("DELETE FROM news WHERE timestamp < datetime('now', '-7 days')")
    ~~~~~~~~~~~^^^^^^^^^^^^^^^^^^^^^^^^^^^^^^^^^^^^^^^^^^^^^^^^^^^^^^^^^^^^^^^^^
sqlite3.OperationalError: database is locked
[-] Error en Python. Abortando.
[+] [odroid-c2] Iniciando ciclo de inteligencia...
--- INICIANDO CAPTURA (MIX EQUILIBRADO ESPAÑA) ---
[+] DUAL RADAR OK: Balanceando España con fuentes cruzadas.
[+] Captura exitosa. Sincronizando con GitHub...
[main c93eeb2] Intel Update: 2026-02-07 06:00
 6 files changed, 62 insertions(+), 34 deletions(-)
To https://github.com/mcasrom/intel_center.git
   3237846..c93eeb2  main -> main
[+] [odroid-c2] Iniciando ciclo de inteligencia...
Traceback (most recent call last):
  File "/home/dietpi/intel_center_odroid/automation/main_intel.py", line 133, in <module>
    ejecutar()
    ~~~~~~~~^^
  File "/home/dietpi/intel_center_odroid/automation/main_intel.py", line 57, in ejecutar
    cur.execute("DELETE FROM news WHERE timestamp < datetime('now', '-7 days')")
    ~~~~~~~~~~~^^^^^^^^^^^^^^^^^^^^^^^^^^^^^^^^^^^^^^^^^^^^^^^^^^^^^^^^^^^^^^^^^
sqlite3.OperationalError: database is locked
[-] Error en Python. Abortando.
[+] [odroid-c2] Iniciando ciclo de inteligencia...
--- INICIANDO CAPTURA (MIX EQUILIBRADO ESPAÑA) ---
[+] DUAL RADAR OK: Balanceando España con fuentes cruzadas.
[+] Captura exitosa. Sincronizando con GitHub...
[main 78bf2e2] Intel Update: 2026-02-07 12:00
 6 files changed, 51 insertions(+), 31 deletions(-)
To https://github.com/mcasrom/intel_center.git
   aed0f4a..78bf2e2  main -> main
[+] [odroid-c2] Iniciando ciclo de inteligencia...
Traceback (most recent call last):
  File "/home/dietpi/intel_center_odroid/automation/main_intel.py", line 133, in <module>
    ejecutar()
    ~~~~~~~~^^
  File "/home/dietpi/intel_center_odroid/automation/main_intel.py", line 57, in ejecutar
    cur.execute("DELETE FROM news WHERE timestamp < datetime('now', '-7 days')")
    ~~~~~~~~~~~^^^^^^^^^^^^^^^^^^^^^^^^^^^^^^^^^^^^^^^^^^^^^^^^^^^^^^^^^^^^^^^^^
sqlite3.OperationalError: database is locked
[-] Error en Python. Abortando.
[+] [odroid-c2] Iniciando ciclo de inteligencia...
--- INICIANDO CAPTURA (MIX EQUILIBRADO ESPAÑA) ---
[+] DUAL RADAR OK: Balanceando España con fuentes cruzadas.
[+] Captura exitosa. Sincronizando con GitHub...
[main 7f95e53] Intel Update: 2026-02-07 21:00
 5 files changed, 10 insertions(+), 1 deletion(-)
To https://github.com/mcasrom/intel_center.git
   d68bac5..7f95e53  main -> main
[+] [odroid-c2] Iniciando ciclo de inteligencia...
Traceback (most recent call last):
  File "/home/dietpi/intel_center_odroid/automation/main_intel.py", line 156, in <module>
    ejecutar()
    ~~~~~~~~^^
  File "/home/dietpi/intel_center_odroid/automation/main_intel.py", line 56, in ejecutar
    cur.execute("DELETE FROM news WHERE timestamp < datetime('now', '-7 days')")
    ~~~~~~~~~~~^^^^^^^^^^^^^^^^^^^^^^^^^^^^^^^^^^^^^^^^^^^^^^^^^^^^^^^^^^^^^^^^^
sqlite3.OperationalError: database is locked
[-] Error en Python. Abortando.
[+] [odroid-c2] Iniciando ciclo de inteligencia...
--- INICIANDO CAPTURA (MODO ANANKE) ---
[+] INFORME GENERADO: 2026-02-08-informe.md
[+] Generando HTML con Hugo...
/home/dietpi/intel_center_odroid/automation/run_intel.sh: line 20: hugo: command not found
[+] Sincronizando con GitHub...
[main b5f1068] Intel Update: 2026-02-08 03:00
 6 files changed, 18 insertions(+), 7 deletions(-)
To https://github.com/mcasrom/intel_center.git
   f660003..b5f1068  main -> main
--- INICIANDO CAPTURA (MODO ANANKE) ---
[+] INFORME GENERADO: 2026-02-08-informe.md
[+] Gráfica generada en: /home/dietpi/intel_center_odroid/blog/static/images/trend.png
/home/dietpi/intel_center_odroid/automation/run_intel.sh: line 41: hugo: command not found
[+] [odroid-c2] Iniciando ciclo de inteligencia...
--- INICIANDO CAPTURA (MODO ANANKE) ---
[+] INFORME GENERADO: 2026-02-08-informe.md
[+] Generando HTML con Hugo...
/home/dietpi/intel_center_odroid/automation/run_intel.sh: line 20: hugo: command not found
[+] Sincronizando con GitHub...
[main e79a1d0] Intel Update: 2026-02-08 06:00
 7 files changed, 63 insertions(+), 28 deletions(-)
To https://github.com/mcasrom/intel_center.git
   b5f1068..e79a1d0  main -> main
--- INICIANDO CAPTURA (MODO ANANKE) ---
[+] INFORME GENERADO: 2026-02-08-informe.md
[+] Gráfica generada en: /home/dietpi/intel_center_odroid/blog/static/images/trend.png
/home/dietpi/intel_center_odroid/automation/run_intel.sh: line 41: hugo: command not found
[+] [odroid-c2] Iniciando ciclo de inteligencia...
Traceback (most recent call last):
  File "/home/dietpi/intel_center_odroid/automation/main_intel.py", line 175, in <module>
    ejecutar()
    ~~~~~~~~^^
  File "/home/dietpi/intel_center_odroid/automation/main_intel.py", line 56, in ejecutar
    cur.execute("DELETE FROM news WHERE timestamp < datetime('now', '-7 days')")
    ~~~~~~~~~~~^^^^^^^^^^^^^^^^^^^^^^^^^^^^^^^^^^^^^^^^^^^^^^^^^^^^^^^^^^^^^^^^^
sqlite3.OperationalError: database is locked
[-] Error en Python. Abortando.
[+] [odroid-c2] Iniciando ciclo de inteligencia...
